0 info it worked if it ends with ok
1 verbose cli [ 'C:\\Program Files\\nodejs\\node.exe',
1 verbose cli   'C:\\Users\\phinguyen\\AppData\\Roaming\\npm\\node_modules\\npm\\bin\\npm-cli.js',
1 verbose cli   'run',
1 verbose cli   'test-watch' ]
2 info using npm@4.0.0
3 info using node@v6.7.0
4 verbose run-script [ 'pretest-watch', 'test-watch', 'posttest-watch' ]
5 info lifecycle react-redux-sample@1.0.0~pretest-watch: react-redux-sample@1.0.0
6 silly lifecycle react-redux-sample@1.0.0~pretest-watch: no script for pretest-watch, continuing
7 info lifecycle react-redux-sample@1.0.0~test-watch: react-redux-sample@1.0.0
8 verbose lifecycle react-redux-sample@1.0.0~test-watch: unsafe-perm in lifecycle true
9 verbose lifecycle react-redux-sample@1.0.0~test-watch: PATH: C:\Users\phinguyen\AppData\Roaming\npm\node_modules\npm\bin\node-gyp-bin;C:\Users\phinguyen\Desktop\launch-07-javascript-frameworks-and-tools\client\react-redux\node_modules\.bin;C:\ProgramData\Oracle\Java\javapath;C:\windows\system32;C:\windows;C:\windows\System32\Wbem;C:\windows\System32\WindowsPowerShell\v1.0\;C:\Program Files (x86)\Skype\Phone\;C:\Program Files\Git\cmd;D:\apache-maven-3.3.9\bin;C:\Program Files\nodejs\;C:\Python27;C:\Program Files (x86)\Windows Kits\8.1\Windows Performance Toolkit\;C:\Program Files\MongoDB\Server\3.2\bin;C:\Users\phinguyen\AppData\Local\Microsoft\WindowsApps;C:\Users\phinguyen\AppData\Local\atom\bin;C:\Users\phinguyen\AppData\Roaming\npm
10 verbose lifecycle react-redux-sample@1.0.0~test-watch: CWD: C:\Users\phinguyen\Desktop\launch-07-javascript-frameworks-and-tools\client\react-redux
11 silly lifecycle react-redux-sample@1.0.0~test-watch: Args: [ '/d /s /c',
11 silly lifecycle   'mocha --compilers js:babel-core/register --watch' ]
12 silly lifecycle react-redux-sample@1.0.0~test-watch: Returned: code: 1  signal: null
13 info lifecycle react-redux-sample@1.0.0~test-watch: Failed to exec test-watch script
14 verbose stack Error: react-redux-sample@1.0.0 test-watch: `mocha --compilers js:babel-core/register --watch`
14 verbose stack Exit status 1
14 verbose stack     at EventEmitter.<anonymous> (C:\Users\phinguyen\AppData\Roaming\npm\node_modules\npm\lib\utils\lifecycle.js:277:16)
14 verbose stack     at emitTwo (events.js:106:13)
14 verbose stack     at EventEmitter.emit (events.js:191:7)
14 verbose stack     at ChildProcess.<anonymous> (C:\Users\phinguyen\AppData\Roaming\npm\node_modules\npm\lib\utils\spawn.js:40:14)
14 verbose stack     at emitTwo (events.js:106:13)
14 verbose stack     at ChildProcess.emit (events.js:191:7)
14 verbose stack     at maybeClose (internal/child_process.js:877:16)
14 verbose stack     at Process.ChildProcess._handle.onexit (internal/child_process.js:226:5)
15 verbose pkgid react-redux-sample@1.0.0
16 verbose cwd C:\Users\phinguyen\Desktop\launch-07-javascript-frameworks-and-tools\client\react-redux\client\core
17 error Windows_NT 10.0.14393
18 error argv "C:\\Program Files\\nodejs\\node.exe" "C:\\Users\\phinguyen\\AppData\\Roaming\\npm\\node_modules\\npm\\bin\\npm-cli.js" "run" "test-watch"
19 error node v6.7.0
20 error npm  v4.0.0
21 error code ELIFECYCLE
22 error react-redux-sample@1.0.0 test-watch: `mocha --compilers js:babel-core/register --watch`
22 error Exit status 1
23 error Failed at the react-redux-sample@1.0.0 test-watch script 'mocha --compilers js:babel-core/register --watch'.
23 error Make sure you have the latest version of node.js and npm installed.
23 error If you do, this is most likely a problem with the react-redux-sample package,
23 error not with npm itself.
23 error Tell the author that this fails on your system:
23 error     mocha --compilers js:babel-core/register --watch
23 error You can get information on how to open an issue for this project with:
23 error     npm bugs react-redux-sample
23 error Or if that isn't available, you can get their info via:
23 error     npm owner ls react-redux-sample
23 error There is likely additional logging output above.
24 verbose exit [ 1, true ]
